170414 01:15:15 mysqld_safe Starting mysqld daemon with databases from /var/lib/mysql
170414  1:15:15 [Warning] Using unique option prefix key_buffer instead of key_buffer_size is deprecated and will be removed in a future release. Please use the full name instead.
170414  1:15:15 [Note] /usr/sbin/mysqld (mysqld 5.5.49-0+deb8u1) starting as process 632 ...
170414  1:15:16 [Warning] Using unique option prefix myisam-recover instead of myisam-recover-options is deprecated and will be removed in a future release. Please use the full name instead.
170414  1:15:16 [Note] Plugin 'FEDERATED' is disabled.
170414  1:15:16 InnoDB: The InnoDB memory heap is disabled
170414  1:15:16 InnoDB: Mutexes and rw_locks use GCC atomic builtins
170414  1:15:16 InnoDB: Compressed tables use zlib 1.2.8
170414  1:15:16 InnoDB: Using Linux native AIO
170414  1:15:16 InnoDB: Initializing buffer pool, size = 8.0M
170414  1:15:16 InnoDB: Completed initialization of buffer pool
170414  1:15:16 InnoDB: highest supported file format is Barracuda.
170414  1:15:16  InnoDB: Waiting for the background threads to start
170414  1:15:17 InnoDB: 5.5.49 started; log sequence number 1595675
170414  1:15:17 [Note] Server hostname (bind-address): '0.0.0.0'; port: 3306
170414  1:15:17 [Note]   - '0.0.0.0' resolves to '0.0.0.0';
170414  1:15:17 [Note] Server socket created on IP: '0.0.0.0'.
170414  1:15:17 [ERROR] /usr/sbin/mysqld: Table './mysql/user' is marked as crashed and should be repaired
170414  1:15:17 [Warning] Checking table:   './mysql/user'
170414  1:15:17 [ERROR] 1 client is using or hasn't closed the table properly
170414  1:15:17 [Note] Event Scheduler: Loaded 0 events
170414  1:15:17 [Note] /usr/sbin/mysqld: ready for connections.
Version: '5.5.49-0+deb8u1'  socket: '/var/run/mysqld/mysqld.sock'  port: 3306  (Debian)
